# JRE version: OpenJDK Runtime Environment (8.0_242-b01) (build 1.8.0_242-release-1644-b01)
# Java VM: OpenJDK 64-Bit Server VM (25.242-b01 mixed mode windows-amd64 compressed oops)
Heap:
 PSYoungGen      total 476160K, used 180537K [0x00000000d5580000, 0x0000000100000000, 0x0000000100000000)
  eden space 382464K, 22% used [0x00000000d5580000,0x00000000daa84990,0x00000000ecb00000)
  from space 93696K, 99% used [0x00000000ecb00000,0x00000000f2649dd0,0x00000000f2680000)
  to   space 162816K, 0% used [0x00000000f6100000,0x00000000f6100000,0x0000000100000000)
 ParOldGen       total 484352K, used 379852K [0x0000000080000000, 0x000000009d900000, 0x00000000d5580000)
  object space 484352K, 78% used [0x0000000080000000,0x00000000972f3058,0x000000009d900000)
 Metaspace       used 180076K, capacity 190583K, committed 190668K, reserved 1214464K
  class space    used 23039K, capacity 25013K, committed 25076K, reserved 1048576K
GC Heap History (10 events):
Event: 957.559 GC heap before
{Heap before GC invocations=38 (full 5):
 PSYoungGen      total 641536K, used 613047K [0x00000000d5580000, 0x00000000ffa80000, 0x0000000100000000)
  eden space 589824K, 100% used [0x00000000d5580000,0x00000000f9580000,0x00000000f9580000)
  from space 51712K, 44% used [0x00000000fc800000,0x00000000fdeade38,0x00000000ffa80000)
  to   space 51712K, 0% used [0x00000000f9580000,0x00000000f9580000,0x00000000fc800000)
 ParOldGen       total 484352K, used 200364K [0x0000000080000000, 0x000000009d900000, 0x00000000d5580000)
  object space 484352K, 41% used [0x0000000080000000,0x000000008c3ab2a0,0x000000009d900000)
 Metaspace       used 177183K, capacity 187455K, committed 187724K, reserved 1212416K
  class space    used 22710K, capacity 24611K, committed 24692K, reserved 1048576K
Event: 957.628 GC heap after
Heap after GC invocations=38 (full 5):
 PSYoungGen      total 641536K, used 38197K [0x00000000d5580000, 0x0000000100000000, 0x0000000100000000)
  eden space 589824K, 0% used [0x00000000d5580000,0x00000000d5580000,0x00000000f9580000)
  from space 51712K, 73% used [0x00000000f9580000,0x00000000fbacd4f0,0x00000000fc800000)
  to   space 56320K, 0% used [0x00000000fc900000,0x00000000fc900000,0x0000000100000000)
 ParOldGen       total 484352K, used 200372K [0x0000000080000000, 0x000000009d900000, 0x00000000d5580000)
  object space 484352K, 41% used [0x0000000080000000,0x000000008c3ad2a0,0x000000009d900000)
 Metaspace       used 177183K, capacity 187455K, committed 187724K, reserved 1212416K
  class space    used 22710K, capacity 24611K, committed 24692K, reserved 1048576K
}
Event: 973.920 GC heap before
{Heap before GC invocations=39 (full 5):
 PSYoungGen      total 641536K, used 628021K [0x00000000d5580000, 0x0000000100000000, 0x0000000100000000)
  eden space 589824K, 100% used [0x00000000d5580000,0x00000000f9580000,0x00000000f9580000)
  from space 51712K, 73% used [0x00000000f9580000,0x00000000fbacd4f0,0x00000000fc800000)
  to   space 56320K, 0% used [0x00000000fc900000,0x00000000fc900000,0x0000000100000000)
 ParOldGen       total 484352K, used 200372K [0x0000000080000000, 0x000000009d900000, 0x00000000d5580000)
  object space 484352K, 41% used [0x0000000080000000,0x000000008c3ad2a0,0x000000009d900000)
 Metaspace       used 179948K, capacity 190479K, committed 190668K, reserved 1214464K
  class space    used 23037K, capacity 25013K, committed 25076K, reserved 1048576K
Event: 974.036 GC heap after
Heap after GC invocations=39 (full 5):
 PSYoungGen      total 571904K, used 56317K [0x00000000d5580000, 0x0000000100000000, 0x0000000100000000)
  eden space 515584K, 0% used [0x00000000d5580000,0x00000000d5580000,0x00000000f4d00000)
  from space 56320K, 99% used [0x00000000fc900000,0x00000000fffff7d8,0x0000000100000000)
  to   space 91648K, 0% used [0x00000000f4d00000,0x00000000f4d00000,0x00000000fa680000)
 ParOldGen       total 484352K, used 269039K [0x0000000080000000, 0x000000009d900000, 0x00000000d5580000)
  object space 484352K, 55% used [0x0000000080000000,0x00000000906bbc90,0x000000009d900000)
 Metaspace       used 179948K, capacity 190479K, committed 190668K, reserved 1214464K
  class space    used 23037K, capacity 25013K, committed 25076K, reserved 1048576K
}
Event: 975.350 GC heap before
{Heap before GC invocations=40 (full 5):
 PSYoungGen      total 571904K, used 571901K [0x00000000d5580000, 0x0000000100000000, 0x0000000100000000)
  eden space 515584K, 100% used [0x00000000d5580000,0x00000000f4d00000,0x00000000f4d00000)
  from space 56320K, 99% used [0x00000000fc900000,0x00000000fffff7d8,0x0000000100000000)
  to   space 91648K, 0% used [0x00000000f4d00000,0x00000000f4d00000,0x00000000fa680000)
 ParOldGen       total 484352K, used 269039K [0x0000000080000000, 0x000000009d900000, 0x00000000d5580000)
  object space 484352K, 55% used [0x0000000080000000,0x00000000906bbc90,0x000000009d900000)
 Metaspace       used 179984K, capacity 190487K, committed 190668K, reserved 1214464K
  class space    used 23038K, capacity 25013K, committed 25076K, reserved 1048576K
Event: 975.481 GC heap after
Heap after GC invocations=40 (full 5):
 PSYoungGen      total 607232K, used 91619K [0x00000000d5580000, 0x0000000100000000, 0x0000000100000000)
  eden space 515584K, 0% used [0x00000000d5580000,0x00000000d5580000,0x00000000f4d00000)
  from space 91648K, 99% used [0x00000000f4d00000,0x00000000fa678da0,0x00000000fa680000)
  to   space 91648K, 0% used [0x00000000fa680000,0x00000000fa680000,0x0000000100000000)
 ParOldGen       total 484352K, used 340836K [0x0000000080000000, 0x000000009d900000, 0x00000000d5580000)
  object space 484352K, 70% used [0x0000000080000000,0x0000000094cd9258,0x000000009d900000)
 Metaspace       used 179984K, capacity 190487K, committed 190668K, reserved 1214464K
  class space    used 23038K, capacity 25013K, committed 25076K, reserved 1048576K
}
Event: 977.037 GC heap before
{Heap before GC invocations=41 (full 5):
 PSYoungGen      total 607232K, used 607203K [0x00000000d5580000, 0x0000000100000000, 0x0000000100000000)
  eden space 515584K, 100% used [0x00000000d5580000,0x00000000f4d00000,0x00000000f4d00000)
  from space 91648K, 99% used [0x00000000f4d00000,0x00000000fa678da0,0x00000000fa680000)
  to   space 91648K, 0% used [0x00000000fa680000,0x00000000fa680000,0x0000000100000000)
 ParOldGen       total 484352K, used 340836K [0x0000000080000000, 0x000000009d900000, 0x00000000d5580000)
  object space 484352K, 70% used [0x0000000080000000,0x0000000094cd9258,0x000000009d900000)
 Metaspace       used 180051K, capacity 190575K, committed 190668K, reserved 1214464K
  class space    used 23039K, capacity 25013K, committed 25076K, reserved 1048576K
Event: 977.129 GC heap after
Heap after GC invocations=41 (full 5):
 PSYoungGen      total 474112K, used 91647K [0x00000000d5580000, 0x0000000100000000, 0x0000000100000000)
  eden space 382464K, 0% used [0x00000000d5580000,0x00000000d5580000,0x00000000ecb00000)
  from space 91648K, 99% used [0x00000000fa680000,0x00000000fffffcd0,0x0000000100000000)
  to   space 158208K, 0% used [0x00000000ecb00000,0x00000000ecb00000,0x00000000f6580000)
 ParOldGen       total 484352K, used 379236K [0x0000000080000000, 0x000000009d900000, 0x00000000d5580000)
  object space 484352K, 78% used [0x0000000080000000,0x0000000097259048,0x000000009d900000)
 Metaspace       used 180051K, capacity 190575K, committed 190668K, reserved 1214464K
  class space    used 23039K, capacity 25013K, committed 25076K, reserved 1048576K
}
Event: 977.821 GC heap before
{Heap before GC invocations=42 (full 5):
 PSYoungGen      total 474112K, used 474111K [0x00000000d5580000, 0x0000000100000000, 0x0000000100000000)
  eden space 382464K, 100% used [0x00000000d5580000,0x00000000ecb00000,0x00000000ecb00000)
  from space 91648K, 99% used [0x00000000fa680000,0x00000000fffffcd0,0x0000000100000000)
  to   space 158208K, 0% used [0x00000000ecb00000,0x00000000ecb00000,0x00000000f6580000)
 ParOldGen       total 484352K, used 379236K [0x0000000080000000, 0x000000009d900000, 0x00000000d5580000)
  object space 484352K, 78% used [0x0000000080000000,0x0000000097259048,0x000000009d900000)
 Metaspace       used 180071K, capacity 190575K, committed 190668K, reserved 1214464K
  class space    used 23039K, capacity 25013K, committed 25076K, reserved 1048576K
Event: 977.906 GC heap after
Heap after GC invocations=42 (full 5):
 PSYoungGen      total 476160K, used 93479K [0x00000000d5580000, 0x0000000100000000, 0x0000000100000000)
  eden space 382464K, 0% used [0x00000000d5580000,0x00000000d5580000,0x00000000ecb00000)
  from space 93696K, 99% used [0x00000000ecb00000,0x00000000f2649dd0,0x00000000f2680000)
  to   space 162816K, 0% used [0x00000000f6100000,0x00000000f6100000,0x0000000100000000)
 ParOldGen       total 484352K, used 379852K [0x0000000080000000, 0x000000009d900000, 0x00000000d5580000)
  object space 484352K, 78% used [0x0000000080000000,0x00000000972f3058,0x000000009d900000)
 Metaspace       used 180071K, capacity 190575K, committed 190668K, reserved 1214464K
  class space    used 23039K, capacity 25013K, committed 25076K, reserved 1048576K
}

